This is pdfTeXk, Version 3.1415926-1.40.9 (Web2C 7.5.7) (format=mex 2008.12.24)  8 JAN 2009 18:14
entering extended mode
 %&-line parsing enabled.
**tvmin_mex.cpp -Isrc/utils -Iinclude -Isrc -Imatlab -DMAIN ./libTVH.a
(./tvmin_mex.cpp
This is MeX  Version 1.05  18 XII 1993  (B. Jackowski & M. Ry\'cko)
! Missing $ inserted.
<inserted text> 
                $
<to be read again> 
                   _
l.33  * @file tvmin_
                    mex.cpp
? 
! Emergency stop.
<inserted text> 
                $
<to be read again> 
                   _
l.33  * @file tvmin_
                    mex.cpp
End of file on the terminal!

No pages of output.
